0 info it worked if it ends with ok
1 verbose cli [ 'c:\\software\\nodejs\\node.exe',
1 verbose cli   'c:\\software\\nodejs\\node_modules\\npm\\bin\\npm-cli.js',
1 verbose cli   'install' ]
2 info using npm@3.3.12
3 info using node@v5.3.0
4 silly loadCurrentTree Starting
5 silly install loadCurrentTree
6 silly install readLocalPackageData
7 silly install normalizeTree
8 silly loadCurrentTree Finishing
9 silly loadIdealTree Starting
10 silly install loadIdealTree
11 silly cloneCurrentTree Starting
12 silly install cloneCurrentTreeToIdealTree
13 silly cloneCurrentTree Finishing
14 silly loadShrinkwrap Starting
15 silly install loadShrinkwrap
16 silly loadShrinkwrap Finishing
17 silly loadAllDepsIntoIdealTree Starting
18 silly install loadAllDepsIntoIdealTree
19 silly fetchNamedPackageData body-parser
20 silly mapToRegistry name body-parser
21 silly mapToRegistry using default registry
22 silly mapToRegistry registry https://registry.npmjs.org/
23 silly mapToRegistry uri https://registry.npmjs.org/body-parser
24 silly fetchNamedPackageData express
25 silly mapToRegistry name express
26 silly mapToRegistry using default registry
27 silly mapToRegistry registry https://registry.npmjs.org/
28 silly mapToRegistry uri https://registry.npmjs.org/express
29 verbose request uri https://registry.npmjs.org/body-parser
30 verbose request no auth needed
31 info attempt registry request try #1 at 10:46:19 AM
32 verbose request id 9f91682251d1bfe8
33 http request GET https://registry.npmjs.org/body-parser
34 verbose request uri https://registry.npmjs.org/express
35 verbose request no auth needed
36 info attempt registry request try #1 at 10:46:19 AM
37 http request GET https://registry.npmjs.org/express
38 info retry will retry, error on last attempt: Error: write EPROTO
39 info retry will retry, error on last attempt: Error: write EPROTO
40 info attempt registry request try #2 at 10:46:30 AM
41 http request GET https://registry.npmjs.org/express
42 info attempt registry request try #2 at 10:46:30 AM
43 http request GET https://registry.npmjs.org/body-parser
44 info retry will retry, error on last attempt: Error: write EPROTO
45 info retry will retry, error on last attempt: Error: write EPROTO
46 info attempt registry request try #3 at 10:47:30 AM
47 http request GET https://registry.npmjs.org/express
48 info attempt registry request try #3 at 10:47:30 AM
49 http request GET https://registry.npmjs.org/body-parser
50 silly fetchPackageMetaData Error: write EPROTO
50 silly fetchPackageMetaData     at Object.exports._errnoException (util.js:855:11)
50 silly fetchPackageMetaData     at exports._exceptionWithHostPort (util.js:878:20)
50 silly fetchPackageMetaData     at WriteWrap.afterWrite (net.js:763:14)
50 silly fetchPackageMetaData  error for express@4.13.0 { [Error: write EPROTO]
50 silly fetchPackageMetaData   code: 'EPROTO',
50 silly fetchPackageMetaData   errno: 'EPROTO',
50 silly fetchPackageMetaData   syscall: 'write',
50 silly fetchPackageMetaData   address: undefined }
51 silly fetchPackageMetaData Error: write EPROTO
51 silly fetchPackageMetaData     at Object.exports._errnoException (util.js:855:11)
51 silly fetchPackageMetaData     at exports._exceptionWithHostPort (util.js:878:20)
51 silly fetchPackageMetaData     at WriteWrap.afterWrite (net.js:763:14)
51 silly fetchPackageMetaData  error for body-parser@1.13.1 { [Error: write EPROTO]
51 silly fetchPackageMetaData   code: 'EPROTO',
51 silly fetchPackageMetaData   errno: 'EPROTO',
51 silly fetchPackageMetaData   syscall: 'write',
51 silly fetchPackageMetaData   address: undefined }
52 silly rollbackFailedOptional Starting
53 silly rollbackFailedOptional Finishing
54 silly runTopLevelLifecycles Starting
55 silly runTopLevelLifecycles Finishing
56 silly install printInstalled
57 verbose stack Error: write EPROTO
57 verbose stack     at Object.exports._errnoException (util.js:855:11)
57 verbose stack     at exports._exceptionWithHostPort (util.js:878:20)
57 verbose stack     at WriteWrap.afterWrite (net.js:763:14)
58 verbose cwd c:\workspaces\parker\DemoApp
59 error Windows_NT 6.1.7601
60 error argv "c:\\software\\nodejs\\node.exe" "c:\\software\\nodejs\\node_modules\\npm\\bin\\npm-cli.js" "install"
61 error node v5.3.0
62 error npm  v3.3.12
63 error code EPROTO
64 error errno EPROTO
65 error syscall write
66 error write EPROTO
67 error If you need help, you may report this error at:
67 error     <https://github.com/npm/npm/issues>
68 verbose exit [ 1, true ]
